<?xml version="1.0" encoding="UTF-8"?>
<coverage generated="1770415127184" clover="3.2.0">
  <project timestamp="1770415127184" name="All files">
    <metrics statements="44" coveredstatements="44" conditionals="33" coveredconditionals="33" methods="18" coveredmethods="18" elements="95" coveredelements="95" complexity="0" loc="44" ncloc="44" packages="3" files="7" classes="7"/>
    <package name="components">
      <metrics statements="8" coveredstatements="8" conditionals="13" coveredconditionals="13" methods="7" coveredmethods="7"/>
      <file name="ChartCard.tsx" path="/Users/ishaangosain/Desktop/consulting/sd-city-nature-challenge/frontend/src/components/ChartCard.tsx">
        <metrics statements="1" coveredstatements="1" conditionals="11" coveredconditionals="11" methods="1" coveredmethods="1"/>
        <line num="22" count="8" type="stmt"/>
      </file>
      <file name="Layout.tsx" path="/Users/ishaangosain/Desktop/consulting/sd-city-nature-challenge/frontend/src/components/Layout.tsx">
        <metrics statements="1" coveredstatements="1" conditionals="0" coveredconditionals="0" methods="1" coveredmethods="1"/>
        <line num="9" count="6" type="stmt"/>
      </file>
      <file name="LoadingSpinner.tsx" path="/Users/ishaangosain/Desktop/consulting/sd-city-nature-challenge/frontend/src/components/LoadingSpinner.tsx">
        <metrics statements="1" coveredstatements="1" conditionals="0" coveredconditionals="0" methods="1" coveredmethods="1"/>
        <line num="5" count="6" type="stmt"/>
      </file>
      <file name="Navbar.tsx" path="/Users/ishaangosain/Desktop/consulting/sd-city-nature-challenge/frontend/src/components/Navbar.tsx">
        <metrics statements="1" coveredstatements="1" conditionals="0" coveredconditionals="0" methods="1" coveredmethods="1"/>
        <line num="5" count="12" type="stmt"/>
      </file>
      <file name="Sidebar.tsx" path="/Users/ishaangosain/Desktop/consulting/sd-city-nature-challenge/frontend/src/components/Sidebar.tsx">
        <metrics statements="4" coveredstatements="4" conditionals="2" coveredconditionals="2" methods="3" coveredmethods="3"/>
        <line num="8" count="11" type="stmt"/>
        <line num="31" count="11" type="stmt"/>
        <line num="35" count="44" type="stmt"/>
        <line num="39" count="44" type="stmt"/>
      </file>
    </package>
    <package name="hooks">
      <metrics statements="21" coveredstatements="21" conditionals="4" coveredconditionals="4" methods="5" coveredmethods="5"/>
      <file name="useApi.ts" path="/Users/ishaangosain/Desktop/consulting/sd-city-nature-challenge/frontend/src/hooks/useApi.ts">
        <metrics statements="21" coveredstatements="21" conditionals="4" coveredconditionals="4" methods="5" coveredmethods="5"/>
        <line num="16" count="18" type="stmt"/>
        <line num="17" count="18" type="stmt"/>
        <line num="18" count="18" type="stmt"/>
        <line num="19" count="18" type="stmt"/>
        <line num="21" count="18" type="stmt"/>
        <line num="22" count="8" type="stmt"/>
        <line num="23" count="8" type="stmt"/>
        <line num="24" count="8" type="stmt"/>
        <line num="26" count="8" type="stmt"/>
        <line num="27" count="8" type="stmt"/>
        <line num="29" count="6" type="cond" truecount="2" falsecount="0"/>
        <line num="30" count="1" type="stmt"/>
        <line num="33" count="5" type="stmt"/>
        <line num="34" count="5" type="stmt"/>
        <line num="36" count="3" type="cond" truecount="2" falsecount="0"/>
        <line num="37" count="3" type="stmt"/>
        <line num="39" count="8" type="stmt"/>
        <line num="43" count="8" type="stmt"/>
        <line num="46" count="18" type="stmt"/>
        <line num="47" count="1" type="stmt"/>
        <line num="50" count="18" type="stmt"/>
      </file>
    </package>
    <package name="utils">
      <metrics statements="15" coveredstatements="15" conditionals="16" coveredconditionals="16" methods="6" coveredmethods="6"/>
      <file name="helpers.ts" path="/Users/ishaangosain/Desktop/consulting/sd-city-nature-challenge/frontend/src/utils/helpers.ts">
        <metrics statements="15" coveredstatements="15" conditionals="16" coveredconditionals="16" methods="6" coveredmethods="6"/>
        <line num="9" count="5" type="stmt"/>
        <line num="16" count="2" type="stmt"/>
        <line num="17" count="2" type="stmt"/>
        <line num="31" count="6" type="cond" truecount="2" falsecount="0"/>
        <line num="32" count="5" type="stmt"/>
        <line num="39" count="12" type="cond" truecount="2" falsecount="0"/>
        <line num="40" count="9" type="cond" truecount="2" falsecount="0"/>
        <line num="41" count="6" type="cond" truecount="2" falsecount="0"/>
        <line num="42" count="3" type="stmt"/>
        <line num="49" count="12" type="cond" truecount="2" falsecount="0"/>
        <line num="50" count="9" type="cond" truecount="2" falsecount="0"/>
        <line num="51" count="6" type="cond" truecount="2" falsecount="0"/>
        <line num="52" count="3" type="stmt"/>
        <line num="59" count="6" type="cond" truecount="2" falsecount="0"/>
        <line num="60" count="2" type="stmt"/>
      </file>
    </package>
  </project>
</coverage>
