{"/Users/ishaangosain/Desktop/consulting/sd-city-nature-challenge/frontend/src/components/ChartCard.tsx": {"path":"/Users/ishaangosain/Desktop/consulting/sd-city-nature-challenge/frontend/src/components/ChartCard.tsx","statementMap":{"0":{"start":{"line":22,"column":2},"end":{"line":39,"column":null}}},"fnMap":{"0":{"name":"ChartCard","decl":{"start":{"line":15,"column":16},"end":{"line":15,"column":26}},"loc":{"start":{"line":21,"column":19},"end":{"line":41,"column":null}},"line":21}},"branchMap":{"0":{"loc":{"start":{"line":18,"column":2},"end":{"line":18,"column":null}},"type":"default-arg","locations":[{"start":{"line":18,"column":12},"end":{"line":18,"column":null}}],"line":18},"1":{"loc":{"start":{"line":19,"column":2},"end":{"line":19,"column":null}},"type":"default-arg","locations":[{"start":{"line":19,"column":10},"end":{"line":19,"column":null}}],"line":19},"2":{"loc":{"start":{"line":26,"column":9},"end":{"line":26,"column":null}},"type":"binary-expr","locations":[{"start":{"line":26,"column":9},"end":{"line":26,"column":21}},{"start":{"line":26,"column":21},"end":{"line":26,"column":null}}],"line":26},"3":{"loc":{"start":{"line":29,"column":7},"end":{"line":29,"column":null}},"type":"binary-expr","locations":[{"start":{"line":29,"column":7},"end":{"line":29,"column":18}},{"start":{"line":29,"column":18},"end":{"line":29,"column":null}}],"line":29},"4":{"loc":{"start":{"line":31,"column":7},"end":{"line":35,"column":null}},"type":"binary-expr","locations":[{"start":{"line":31,"column":7},"end":{"line":31,"column":null}},{"start":{"line":32,"column":8},"end":{"line":35,"column":null}}],"line":31},"5":{"loc":{"start":{"line":38,"column":7},"end":{"line":38,"column":null}},"type":"binary-expr","locations":[{"start":{"line":38,"column":7},"end":{"line":38,"column":19}},{"start":{"line":38,"column":19},"end":{"line":38,"column":29}},{"start":{"line":38,"column":29},"end":{"line":38,"column":null}}],"line":38}},"s":{"0":8},"f":{"0":8},"b":{"0":[8],"1":[8],"2":[8,1],"3":[8,3],"4":[8,3],"5":[8,5,3]},"meta":{"lastBranch":6,"lastFunction":1,"lastStatement":1,"seen":{"f:15:16:15:26":0,"b:18:12:18:Infinity":0,"b:19:10:19:Infinity":1,"s:22:2:39:Infinity":0,"b:26:9:26:21:26:21:26:Infinity":2,"b:29:7:29:18:29:18:29:Infinity":3,"b:31:7:31:Infinity:32:8:35:Infinity":4,"b:38:7:38:19:38:19:38:29:38:29:38:Infinity":5}}}
,"/Users/ishaangosain/Desktop/consulting/sd-city-nature-challenge/frontend/src/components/Layout.tsx": {"path":"/Users/ishaangosain/Desktop/consulting/sd-city-nature-challenge/frontend/src/components/Layout.tsx","statementMap":{"0":{"start":{"line":9,"column":2},"end":{"line":18,"column":null}}},"fnMap":{"0":{"name":"Layout","decl":{"start":{"line":8,"column":16},"end":{"line":8,"column":25}},"loc":{"start":{"line":8,"column":25},"end":{"line":20,"column":null}},"line":8}},"branchMap":{},"s":{"0":6},"f":{"0":6},"b":{},"meta":{"lastBranch":0,"lastFunction":1,"lastStatement":1,"seen":{"f:8:16:8:25":0,"s:9:2:18:Infinity":0}}}
,"/Users/ishaangosain/Desktop/consulting/sd-city-nature-challenge/frontend/src/components/LoadingSpinner.tsx": {"path":"/Users/ishaangosain/Desktop/consulting/sd-city-nature-challenge/frontend/src/components/LoadingSpinner.tsx","statementMap":{"0":{"start":{"line":5,"column":2},"end":{"line":8,"column":null}}},"fnMap":{"0":{"name":"LoadingSpinner","decl":{"start":{"line":4,"column":16},"end":{"line":4,"column":33}},"loc":{"start":{"line":4,"column":33},"end":{"line":10,"column":null}},"line":4}},"branchMap":{},"s":{"0":6},"f":{"0":6},"b":{},"meta":{"lastBranch":0,"lastFunction":1,"lastStatement":1,"seen":{"f:4:16:4:33":0,"s:5:2:8:Infinity":0}}}
,"/Users/ishaangosain/Desktop/consulting/sd-city-nature-challenge/frontend/src/components/Navbar.tsx": {"path":"/Users/ishaangosain/Desktop/consulting/sd-city-nature-challenge/frontend/src/components/Navbar.tsx","statementMap":{"0":{"start":{"line":5,"column":2},"end":{"line":28,"column":null}}},"fnMap":{"0":{"name":"Navbar","decl":{"start":{"line":4,"column":16},"end":{"line":4,"column":25}},"loc":{"start":{"line":4,"column":25},"end":{"line":30,"column":null}},"line":4}},"branchMap":{},"s":{"0":12},"f":{"0":12},"b":{},"meta":{"lastBranch":0,"lastFunction":1,"lastStatement":1,"seen":{"f:4:16:4:25":0,"s:5:2:28:Infinity":0}}}
,"/Users/ishaangosain/Desktop/consulting/sd-city-nature-challenge/frontend/src/components/Sidebar.tsx": {"path":"/Users/ishaangosain/Desktop/consulting/sd-city-nature-challenge/frontend/src/components/Sidebar.tsx","statementMap":{"0":{"start":{"line":8,"column":19},"end":{"line":29,"column":null}},"1":{"start":{"line":31,"column":2},"end":{"line":51,"column":null}},"2":{"start":{"line":35,"column":10},"end":{"line":48,"column":null}},"3":{"start":{"line":39,"column":14},"end":{"line":43,"column":null}}},"fnMap":{"0":{"name":"Sidebar","decl":{"start":{"line":7,"column":16},"end":{"line":7,"column":26}},"loc":{"start":{"line":7,"column":26},"end":{"line":53,"column":null}},"line":7},"1":{"name":"(anonymous_1)","decl":{"start":{"line":34,"column":22},"end":{"line":34,"column":23}},"loc":{"start":{"line":35,"column":10},"end":{"line":48,"column":null}},"line":35},"2":{"name":"(anonymous_2)","decl":{"start":{"line":38,"column":23},"end":{"line":38,"column":24}},"loc":{"start":{"line":39,"column":14},"end":{"line":43,"column":null}},"line":39}},"branchMap":{"0":{"loc":{"start":{"line":40,"column":16},"end":{"line":42,"column":null}},"type":"cond-expr","locations":[{"start":{"line":41,"column":20},"end":{"line":41,"column":null}},{"start":{"line":42,"column":20},"end":{"line":42,"column":null}}],"line":40}},"s":{"0":11,"1":11,"2":44,"3":44},"f":{"0":11,"1":44,"2":44},"b":{"0":[11,33]},"meta":{"lastBranch":1,"lastFunction":3,"lastStatement":4,"seen":{"f:7:16:7:26":0,"s:8:19:29:Infinity":0,"s:31:2:51:Infinity":1,"f:34:22:34:23":1,"s:35:10:48:Infinity":2,"f:38:23:38:24":2,"s:39:14:43:Infinity":3,"b:41:20:41:Infinity:42:20:42:Infinity":0}}}
,"/Users/ishaangosain/Desktop/consulting/sd-city-nature-challenge/frontend/src/hooks/useApi.ts": {"path":"/Users/ishaangosain/Desktop/consulting/sd-city-nature-challenge/frontend/src/hooks/useApi.ts","statementMap":{"0":{"start":{"line":16,"column":22},"end":{"line":16,"column":null}},"1":{"start":{"line":17,"column":28},"end":{"line":17,"column":null}},"2":{"start":{"line":18,"column":24},"end":{"line":18,"column":null}},"3":{"start":{"line":19,"column":42},"end":{"line":19,"column":null}},"4":{"start":{"line":21,"column":2},"end":{"line":44,"column":null}},"5":{"start":{"line":22,"column":22},"end":{"line":41,"column":null}},"6":{"start":{"line":23,"column":6},"end":{"line":23,"column":null}},"7":{"start":{"line":24,"column":6},"end":{"line":24,"column":null}},"8":{"start":{"line":26,"column":6},"end":{"line":40,"column":null}},"9":{"start":{"line":27,"column":25},"end":{"line":27,"column":null}},"10":{"start":{"line":29,"column":8},"end":{"line":31,"column":null}},"11":{"start":{"line":30,"column":10},"end":{"line":30,"column":null}},"12":{"start":{"line":33,"column":21},"end":{"line":33,"column":null}},"13":{"start":{"line":34,"column":8},"end":{"line":34,"column":null}},"14":{"start":{"line":36,"column":8},"end":{"line":36,"column":null}},"15":{"start":{"line":37,"column":8},"end":{"line":37,"column":null}},"16":{"start":{"line":39,"column":8},"end":{"line":39,"column":null}},"17":{"start":{"line":43,"column":4},"end":{"line":43,"column":null}},"18":{"start":{"line":46,"column":18},"end":{"line":48,"column":null}},"19":{"start":{"line":47,"column":4},"end":{"line":47,"column":null}},"20":{"start":{"line":47,"column":30},"end":{"line":47,"column":38}},"21":{"start":{"line":50,"column":2},"end":{"line":50,"column":null}}},"fnMap":{"0":{"name":"useApi","decl":{"start":{"line":15,"column":16},"end":{"line":15,"column":26}},"loc":{"start":{"line":15,"column":61},"end":{"line":51,"column":null}},"line":15},"1":{"name":"(anonymous_1)","decl":{"start":{"line":21,"column":12},"end":{"line":21,"column":18}},"loc":{"start":{"line":21,"column":18},"end":{"line":44,"column":5}},"line":21},"2":{"name":"(anonymous_2)","decl":{"start":{"line":22,"column":22},"end":{"line":22,"column":34}},"loc":{"start":{"line":22,"column":34},"end":{"line":41,"column":null}},"line":22},"3":{"name":"(anonymous_3)","decl":{"start":{"line":46,"column":18},"end":{"line":46,"column":24}},"loc":{"start":{"line":46,"column":24},"end":{"line":48,"column":null}},"line":46},"4":{"name":"(anonymous_4)","decl":{"start":{"line":47,"column":22},"end":{"line":47,"column":30}},"loc":{"start":{"line":47,"column":30},"end":{"line":47,"column":38}},"line":47}},"branchMap":{"0":{"loc":{"start":{"line":29,"column":8},"end":{"line":31,"column":null}},"type":"if","locations":[{"start":{"line":29,"column":8},"end":{"line":31,"column":null}},{"start":{},"end":{}}],"line":29},"1":{"loc":{"start":{"line":36,"column":17},"end":{"line":36,"column":73}},"type":"cond-expr","locations":[{"start":{"line":36,"column":40},"end":{"line":36,"column":54}},{"start":{"line":36,"column":54},"end":{"line":36,"column":73}}],"line":36}},"s":{"0":18,"1":18,"2":18,"3":18,"4":18,"5":8,"6":8,"7":8,"8":8,"9":8,"10":6,"11":1,"12":5,"13":5,"14":3,"15":3,"16":8,"17":8,"18":18,"19":1,"20":1,"21":18},"f":{"0":18,"1":8,"2":8,"3":1,"4":1},"b":{"0":[1,5],"1":[2,1]},"meta":{"lastBranch":2,"lastFunction":5,"lastStatement":22,"seen":{"f:15:16:15:26":0,"s:16:22:16:Infinity":0,"s:17:28:17:Infinity":1,"s:18:24:18:Infinity":2,"s:19:42:19:Infinity":3,"s:21:2:44:Infinity":4,"f:21:12:21:18":1,"s:22:22:41:Infinity":5,"f:22:22:22:34":2,"s:23:6:23:Infinity":6,"s:24:6:24:Infinity":7,"s:26:6:40:Infinity":8,"s:27:25:27:Infinity":9,"b:29:8:31:Infinity:undefined:undefined:undefined:undefined":0,"s:29:8:31:Infinity":10,"s:30:10:30:Infinity":11,"s:33:21:33:Infinity":12,"s:34:8:34:Infinity":13,"s:36:8:36:Infinity":14,"b:36:40:36:54:36:54:36:73":1,"s:37:8:37:Infinity":15,"s:39:8:39:Infinity":16,"s:43:4:43:Infinity":17,"s:46:18:48:Infinity":18,"f:46:18:46:24":3,"s:47:4:47:Infinity":19,"f:47:22:47:30":4,"s:47:30:47:38":20,"s:50:2:50:Infinity":21}}}
,"/Users/ishaangosain/Desktop/consulting/sd-city-nature-challenge/frontend/src/utils/helpers.ts": {"path":"/Users/ishaangosain/Desktop/consulting/sd-city-nature-challenge/frontend/src/utils/helpers.ts","statementMap":{"0":{"start":{"line":9,"column":2},"end":{"line":9,"column":null}},"1":{"start":{"line":16,"column":15},"end":{"line":16,"column":null}},"2":{"start":{"line":17,"column":2},"end":{"line":21,"column":null}},"3":{"start":{"line":31,"column":2},"end":{"line":31,"column":null}},"4":{"start":{"line":31,"column":31},"end":{"line":31,"column":null}},"5":{"start":{"line":32,"column":2},"end":{"line":32,"column":null}},"6":{"start":{"line":39,"column":2},"end":{"line":39,"column":null}},"7":{"start":{"line":39,"column":19},"end":{"line":39,"column":null}},"8":{"start":{"line":40,"column":2},"end":{"line":40,"column":null}},"9":{"start":{"line":40,"column":19},"end":{"line":40,"column":null}},"10":{"start":{"line":41,"column":2},"end":{"line":41,"column":null}},"11":{"start":{"line":41,"column":19},"end":{"line":41,"column":null}},"12":{"start":{"line":42,"column":2},"end":{"line":42,"column":null}},"13":{"start":{"line":49,"column":2},"end":{"line":49,"column":null}},"14":{"start":{"line":49,"column":26},"end":{"line":49,"column":null}},"15":{"start":{"line":50,"column":2},"end":{"line":50,"column":null}},"16":{"start":{"line":50,"column":26},"end":{"line":50,"column":null}},"17":{"start":{"line":51,"column":2},"end":{"line":51,"column":null}},"18":{"start":{"line":51,"column":26},"end":{"line":51,"column":null}},"19":{"start":{"line":52,"column":2},"end":{"line":52,"column":null}},"20":{"start":{"line":59,"column":2},"end":{"line":59,"column":null}},"21":{"start":{"line":59,"column":32},"end":{"line":59,"column":null}},"22":{"start":{"line":60,"column":2},"end":{"line":60,"column":null}}},"fnMap":{"0":{"name":"formatNumber","decl":{"start":{"line":8,"column":16},"end":{"line":8,"column":29}},"loc":{"start":{"line":8,"column":50},"end":{"line":10,"column":null}},"line":8},"1":{"name":"formatDate","decl":{"start":{"line":15,"column":16},"end":{"line":15,"column":27}},"loc":{"start":{"line":15,"column":55},"end":{"line":22,"column":null}},"line":15},"2":{"name":"calculateBiodiversityYield","decl":{"start":{"line":27,"column":16},"end":{"line":27,"column":null}},"loc":{"start":{"line":30,"column":10},"end":{"line":33,"column":null}},"line":30},"3":{"name":"getPriorityColor","decl":{"start":{"line":38,"column":16},"end":{"line":38,"column":33}},"loc":{"start":{"line":38,"column":56},"end":{"line":43,"column":null}},"line":38},"4":{"name":"getBiodiversityYieldColor","decl":{"start":{"line":48,"column":16},"end":{"line":48,"column":42}},"loc":{"start":{"line":48,"column":71},"end":{"line":53,"column":null}},"line":48},"5":{"name":"truncateText","decl":{"start":{"line":58,"column":16},"end":{"line":58,"column":29}},"loc":{"start":{"line":58,"column":70},"end":{"line":61,"column":null}},"line":58}},"branchMap":{"0":{"loc":{"start":{"line":31,"column":2},"end":{"line":31,"column":null}},"type":"if","locations":[{"start":{"line":31,"column":2},"end":{"line":31,"column":null}},{"start":{},"end":{}}],"line":31},"1":{"loc":{"start":{"line":39,"column":2},"end":{"line":39,"column":null}},"type":"if","locations":[{"start":{"line":39,"column":2},"end":{"line":39,"column":null}},{"start":{},"end":{}}],"line":39},"2":{"loc":{"start":{"line":40,"column":2},"end":{"line":40,"column":null}},"type":"if","locations":[{"start":{"line":40,"column":2},"end":{"line":40,"column":null}},{"start":{},"end":{}}],"line":40},"3":{"loc":{"start":{"line":41,"column":2},"end":{"line":41,"column":null}},"type":"if","locations":[{"start":{"line":41,"column":2},"end":{"line":41,"column":null}},{"start":{},"end":{}}],"line":41},"4":{"loc":{"start":{"line":49,"column":2},"end":{"line":49,"column":null}},"type":"if","locations":[{"start":{"line":49,"column":2},"end":{"line":49,"column":null}},{"start":{},"end":{}}],"line":49},"5":{"loc":{"start":{"line":50,"column":2},"end":{"line":50,"column":null}},"type":"if","locations":[{"start":{"line":50,"column":2},"end":{"line":50,"column":null}},{"start":{},"end":{}}],"line":50},"6":{"loc":{"start":{"line":51,"column":2},"end":{"line":51,"column":null}},"type":"if","locations":[{"start":{"line":51,"column":2},"end":{"line":51,"column":null}},{"start":{},"end":{}}],"line":51},"7":{"loc":{"start":{"line":59,"column":2},"end":{"line":59,"column":null}},"type":"if","locations":[{"start":{"line":59,"column":2},"end":{"line":59,"column":null}},{"start":{},"end":{}}],"line":59}},"s":{"0":5,"1":2,"2":2,"3":6,"4":1,"5":5,"6":12,"7":3,"8":9,"9":3,"10":6,"11":6,"12":3,"13":12,"14":3,"15":9,"16":3,"17":6,"18":6,"19":3,"20":6,"21":4,"22":2},"f":{"0":5,"1":2,"2":6,"3":12,"4":12,"5":6},"b":{"0":[1,5],"1":[3,9],"2":[3,6],"3":[3,3],"4":[3,9],"5":[3,6],"6":[3,3],"7":[4,2]},"meta":{"lastBranch":8,"lastFunction":6,"lastStatement":23,"seen":{"f:8:16:8:29":0,"s:9:2:9:Infinity":0,"f:15:16:15:27":1,"s:16:15:16:Infinity":1,"s:17:2:21:Infinity":2,"f:27:16:27:Infinity":2,"b:31:2:31:Infinity:undefined:undefined:undefined:undefined":0,"s:31:2:31:Infinity":3,"s:31:31:31:Infinity":4,"s:32:2:32:Infinity":5,"f:38:16:38:33":3,"b:39:2:39:Infinity:undefined:undefined:undefined:undefined":1,"s:39:2:39:Infinity":6,"s:39:19:39:Infinity":7,"b:40:2:40:Infinity:undefined:undefined:undefined:undefined":2,"s:40:2:40:Infinity":8,"s:40:19:40:Infinity":9,"b:41:2:41:Infinity:undefined:undefined:undefined:undefined":3,"s:41:2:41:Infinity":10,"s:41:19:41:Infinity":11,"s:42:2:42:Infinity":12,"f:48:16:48:42":4,"b:49:2:49:Infinity:undefined:undefined:undefined:undefined":4,"s:49:2:49:Infinity":13,"s:49:26:49:Infinity":14,"b:50:2:50:Infinity:undefined:undefined:undefined:undefined":5,"s:50:2:50:Infinity":15,"s:50:26:50:Infinity":16,"b:51:2:51:Infinity:undefined:undefined:undefined:undefined":6,"s:51:2:51:Infinity":17,"s:51:26:51:Infinity":18,"s:52:2:52:Infinity":19,"f:58:16:58:29":5,"b:59:2:59:Infinity:undefined:undefined:undefined:undefined":7,"s:59:2:59:Infinity":20,"s:59:32:59:Infinity":21,"s:60:2:60:Infinity":22}}}
}
